2020-04-27 11:04:03 DEBUG greencandle.lib.logger Performaing serial run
2020-04-27 11:04:03 DEBUG greencandle.lib.mysql Starting Mysql with interval 4h, test=True
2020-04-27 11:04:03 INFO greencandle.lib.mysql Deleting all trades from mysql
2020-04-27 11:04:03 DEBUG greencandle.lib.mysql Running Mysql command: delete from trades;
2020-04-27 11:04:03 DEBUG greencandle.lib.redis_conn Starting Redis with interval 4h Test, db=0
2020-04-27 11:04:03 DEBUG greencandle.lib.redis_conn Starting Redis with interval 4h Test, db=1
2020-04-27 11:04:03 DEBUG greencandle.lib.redis_conn Serial run RENBNB 4h
2020-04-27 11:04:03 DEBUG greencandle.lib.redis_conn Starting Redis with interval 4h Test, db=0
2020-04-27 11:04:04 DEBUG greencandle.lib.mysql Starting Mysql with interval 4h, test=True
2020-04-27 11:04:04 DEBUG greencandle.lib.mysql IN LOOP 0 
2020-04-27 11:04:04 DEBUG greencandle.lib.order chunk: 0, 1000
2020-04-27 11:04:04 DEBUG greencandle.lib.order current date: 2019-05-22 11:59:59
2020-04-27 11:04:04 DEBUG greencandle.lib.order Fetching raw data
2020-04-27 11:04:04 DEBUG greencandle.lib.order Finished fetching raw data
2020-04-27 11:04:04 DEBUG greencandle.lib.order Getting data
2020-04-27 11:04:04 DEBUG greencandle.lib.order Getting moving averages for RENBNB
2020-04-27 11:04:04 DEBUG greencandle.lib.order done getting moving averages
2020-04-27 11:04:04 DEBUG greencandle.lib.order Getting moving averages for RENBNB
2020-04-27 11:04:04 DEBUG greencandle.lib.order done getting moving averages
2020-04-27 11:04:04 DEBUG greencandle.lib.order Getting moving averages for RENBNB
2020-04-27 11:04:04 DEBUG greencandle.lib.order done getting moving averages
2020-04-27 11:04:04 DEBUG greencandle.lib.order Getting moving averages for RENBNB
2020-04-27 11:04:04 DEBUG greencandle.lib.order done getting moving averages
2020-04-27 11:04:04 DEBUG greencandle.lib.order Adding to Redis: 4h ['EMA_8'] 1558526399999
2020-04-27 11:04:04 DEBUG greencandle.lib.order Adding to Redis: 4h ['EMA_13'] 1558526399999
2020-04-27 11:04:04 DEBUG greencandle.lib.order Adding to Redis: 4h ['EMA_21'] 1558526399999
2020-04-27 11:04:04 DEBUG greencandle.lib.order Adding to Redis: 4h ['EMA_55'] 1558526399999
2020-04-27 11:04:04 DEBUG greencandle.lib.order Adding to Redis: 4h ['ohlc'] 1558526399999
2020-04-27 11:04:04 DEBUG greencandle.lib.order Done getting data
2020-04-27 11:04:04 DEBUG greencandle.lib.order Not enough data for RENBNB
2020-04-27 11:04:04 DEBUG greencandle.lib.order Running Mysql command: select buy_price, quote_in, buy_time, base_in from trades where sell_price is NULL and `interval` = "4h" and pair = "RENBNB"
2020-04-27 11:04:04 DEBUG greencandle.lib.order IN LOOP 1 
2020-04-27 11:04:04 DEBUG greencandle.lib.order chunk: 1, 1001
2020-04-27 11:04:04 DEBUG greencandle.lib.order current date: 2019-05-22 15:59:59
2020-04-27 11:04:04 DEBUG greencandle.lib.order Fetching raw data
2020-04-27 11:04:04 DEBUG greencandle.lib.order Finished fetching raw data
2020-04-27 11:04:04 DEBUG greencandle.lib.order Getting data
2020-04-27 11:04:04 DEBUG greencandle.lib.order Getting moving averages for RENBNB
2020-04-27 11:04:04 DEBUG greencandle.lib.order done getting moving averages
2020-04-27 11:04:04 DEBUG greencandle.lib.order Getting moving averages for RENBNB
2020-04-27 11:04:04 DEBUG greencandle.lib.order done getting moving averages
2020-04-27 11:04:04 DEBUG greencandle.lib.order Getting moving averages for RENBNB
2020-04-27 11:04:04 DEBUG greencandle.lib.order done getting moving averages
2020-04-27 11:04:04 DEBUG greencandle.lib.order Getting moving averages for RENBNB
2020-04-27 11:04:04 DEBUG greencandle.lib.order done getting moving averages
2020-04-27 11:04:04 DEBUG greencandle.lib.order Adding to Redis: 4h ['EMA_8'] 1558540799999
2020-04-27 11:04:04 DEBUG greencandle.lib.order Adding to Redis: 4h ['EMA_13'] 1558540799999
2020-04-27 11:04:04 DEBUG greencandle.lib.order Adding to Redis: 4h ['EMA_21'] 1558540799999
2020-04-27 11:04:04 DEBUG greencandle.lib.order Adding to Redis: 4h ['EMA_55'] 1558540799999
2020-04-27 11:04:04 DEBUG greencandle.lib.order Adding to Redis: 4h ['ohlc'] 1558540799999
2020-04-27 11:04:04 DEBUG greencandle.lib.order Done getting data
2020-04-27 11:04:04 DEBUG greencandle.lib.order Not enough data for RENBNB
2020-04-27 11:04:04 DEBUG greencandle.lib.order Running Mysql command: select buy_price, quote_in, buy_time, base_in from trades where sell_price is NULL and `interval` = "4h" and pair = "RENBNB"
2020-04-27 11:04:04 DEBUG greencandle.lib.order IN LOOP 2 
2020-04-27 11:04:04 DEBUG greencandle.lib.order chunk: 2, 1002
2020-04-27 11:04:04 DEBUG greencandle.lib.order current date: 2019-05-22 19:59:59
2020-04-27 11:04:04 DEBUG greencandle.lib.order Fetching raw data
2020-04-27 11:04:04 DEBUG greencandle.lib.order Finished fetching raw data
2020-04-27 11:04:04 DEBUG greencandle.lib.order Getting data
2020-04-27 11:04:04 DEBUG greencandle.lib.order Getting moving averages for RENBNB
2020-04-27 11:04:04 DEBUG greencandle.lib.order done getting moving averages
2020-04-27 11:04:04 DEBUG greencandle.lib.order Getting moving averages for RENBNB
2020-04-27 11:04:04 DEBUG greencandle.lib.order done getting moving averages
2020-04-27 11:04:04 DEBUG greencandle.lib.order Getting moving averages for RENBNB
2020-04-27 11:04:04 DEBUG greencandle.lib.order done getting moving averages
2020-04-27 11:04:04 DEBUG greencandle.lib.order Getting moving averages for RENBNB
2020-04-27 11:04:04 DEBUG greencandle.lib.order done getting moving averages
2020-04-27 11:04:04 DEBUG greencandle.lib.order Adding to Redis: 4h ['EMA_8'] 1558555199999
2020-04-27 11:04:04 DEBUG greencandle.lib.order Adding to Redis: 4h ['EMA_13'] 1558555199999
2020-04-27 11:04:04 DEBUG greencandle.lib.order Adding to Redis: 4h ['EMA_21'] 1558555199999
2020-04-27 11:04:04 DEBUG greencandle.lib.order Adding to Redis: 4h ['EMA_55'] 1558555199999
2020-04-27 11:04:04 DEBUG greencandle.lib.order Adding to Redis: 4h ['ohlc'] 1558555199999
2020-04-27 11:04:04 DEBUG greencandle.lib.order Done getting data
2020-04-27 11:04:04 DEBUG greencandle.lib.order Not enough data for RENBNB
2020-04-27 11:04:04 DEBUG greencandle.lib.order Running Mysql command: select buy_price, quote_in, buy_time, base_in from trades where sell_price is NULL and `interval` = "4h" and pair = "RENBNB"
2020-04-27 11:04:04 DEBUG greencandle.lib.order IN LOOP 3 
2020-04-27 11:04:04 DEBUG greencandle.lib.order chunk: 3, 1003
2020-04-27 11:04:04 DEBUG greencandle.lib.order current date: 2019-05-22 23:59:59
2020-04-27 11:04:04 DEBUG greencandle.lib.order Fetching raw data
2020-04-27 11:04:04 DEBUG greencandle.lib.order Finished fetching raw data
2020-04-27 11:04:04 DEBUG greencandle.lib.order Getting data
2020-04-27 11:04:04 DEBUG greencandle.lib.order Getting moving averages for RENBNB
2020-04-27 11:04:04 DEBUG greencandle.lib.order done getting moving averages
2020-04-27 11:04:04 DEBUG greencandle.lib.order Getting moving averages for RENBNB
2020-04-27 11:04:04 DEBUG greencandle.lib.order done getting moving averages
2020-04-27 11:04:04 DEBUG greencandle.lib.order Getting moving averages for RENBNB
2020-04-27 11:04:04 DEBUG greencandle.lib.order done getting moving averages
2020-04-27 11:04:04 DEBUG greencandle.lib.order Getting moving averages for RENBNB
2020-04-27 11:04:04 DEBUG greencandle.lib.order done getting moving averages
2020-04-27 11:04:04 DEBUG greencandle.lib.order Adding to Redis: 4h ['EMA_8'] 1558569599999
2020-04-27 11:04:04 DEBUG greencandle.lib.order Adding to Redis: 4h ['EMA_13'] 1558569599999
2020-04-27 11:04:04 DEBUG greencandle.lib.order Adding to Redis: 4h ['EMA_21'] 1558569599999
2020-04-27 11:04:04 DEBUG greencandle.lib.order Adding to Redis: 4h ['EMA_55'] 1558569599999
2020-04-27 11:04:04 DEBUG greencandle.lib.order Adding to Redis: 4h ['ohlc'] 1558569599999
2020-04-27 11:04:04 DEBUG greencandle.lib.order Done getting data
2020-04-27 11:04:04 DEBUG greencandle.lib.order Not enough data for RENBNB
2020-04-27 11:04:04 DEBUG greencandle.lib.order Running Mysql command: select buy_price, quote_in, buy_time, base_in from trades where sell_price is NULL and `interval` = "4h" and pair = "RENBNB"
2020-04-27 11:04:04 DEBUG greencandle.lib.order IN LOOP 4 
2020-04-27 11:04:04 DEBUG greencandle.lib.order chunk: 4, 1004
2020-04-27 11:04:04 DEBUG greencandle.lib.order current date: 2019-05-23 03:59:59
2020-04-27 11:04:04 DEBUG greencandle.lib.order Fetching raw data
2020-04-27 11:04:04 DEBUG greencandle.lib.order Finished fetching raw data
2020-04-27 11:04:04 DEBUG greencandle.lib.order Getting data
2020-04-27 11:04:04 DEBUG greencandle.lib.order Getting moving averages for RENBNB
2020-04-27 11:04:04 DEBUG greencandle.lib.order done getting moving averages
2020-04-27 11:04:04 DEBUG greencandle.lib.order Getting moving averages for RENBNB
2020-04-27 11:04:04 DEBUG greencandle.lib.order done getting moving averages
2020-04-27 11:04:04 DEBUG greencandle.lib.order Getting moving averages for RENBNB
2020-04-27 11:04:04 DEBUG greencandle.lib.order done getting moving averages
2020-04-27 11:04:04 DEBUG greencandle.lib.order Getting moving averages for RENBNB
2020-04-27 11:04:04 DEBUG greencandle.lib.order done getting moving averages
2020-04-27 11:04:04 DEBUG greencandle.lib.order Adding to Redis: 4h ['EMA_8'] 1558583999999
2020-04-27 11:04:04 DEBUG greencandle.lib.order Adding to Redis: 4h ['EMA_13'] 1558583999999
2020-04-27 11:04:04 DEBUG greencandle.lib.order Adding to Redis: 4h ['EMA_21'] 1558583999999
2020-04-27 11:04:04 DEBUG greencandle.lib.order Adding to Redis: 4h ['EMA_55'] 1558583999999
2020-04-27 11:04:04 DEBUG greencandle.lib.order Adding to Redis: 4h ['ohlc'] 1558583999999
2020-04-27 11:04:04 DEBUG greencandle.lib.order Done getting data
2020-04-27 11:04:04 DEBUG greencandle.lib.mysql Starting Mysql with interval 4h, test=True
2020-04-27 11:04:04 DEBUG greencandle.lib.mysql Running Mysql command: select buy_price, quote_in, buy_time, base_in from trades where sell_price is NULL and `interval` = "4h" and pair = "RENBNB"
2020-04-27 11:04:04 DEBUG greencandle.lib.mysql Rule: buy_rule1: results.current.EMA_8 > results.current.EMA_13 and results.current.EMA_13 > results.current.EMA_21 and results.current.EMA_21 > results.current.EMA_55 and close > last_close
2020-04-27 11:04:04 DEBUG greencandle.lib.mysql Rule: sell_rule1: results.current.EMA_8 < results.current.EMA_13
2020-04-27 11:04:04 DEBUG greencandle.lib.mysql Rule: sell_rule2: low < results.current.EMA_55
2020-04-27 11:04:04 DEBUG greencandle.lib.mysql Running Mysql command: select buy_price, quote_in, buy_time, base_in from trades where sell_price is NULL and `interval` = "4h" and pair = "RENBNB"
2020-04-27 11:04:04 INFO greencandle.lib.mysql RENBNB sell Rules matched: [2]
2020-04-27 11:04:04 INFO greencandle.lib.mysql RENBNB buy Rules matched: []
2020-04-27 11:04:04 DEBUG greencandle.lib.mysql Running Mysql command: select buy_price, quote_in, buy_time, base_in from trades where sell_price is NULL and `interval` = "4h" and pair = "RENBNB"
2020-04-27 11:04:04 DEBUG greencandle.lib.mysql IN LOOP 5 
2020-04-27 11:04:04 DEBUG greencandle.lib.order chunk: 5, 1005
2020-04-27 11:04:04 DEBUG greencandle.lib.order current date: 2019-05-23 07:59:59
2020-04-27 11:04:04 DEBUG greencandle.lib.order Fetching raw data
2020-04-27 11:04:04 DEBUG greencandle.lib.order Finished fetching raw data
2020-04-27 11:04:04 DEBUG greencandle.lib.order Getting data
2020-04-27 11:04:04 DEBUG greencandle.lib.order Getting moving averages for RENBNB
2020-04-27 11:04:04 DEBUG greencandle.lib.order done getting moving averages
2020-04-27 11:04:04 DEBUG greencandle.lib.order Getting moving averages for RENBNB
2020-04-27 11:04:04 DEBUG greencandle.lib.order done getting moving averages
2020-04-27 11:04:04 DEBUG greencandle.lib.order Getting moving averages for RENBNB
2020-04-27 11:04:04 DEBUG greencandle.lib.order done getting moving averages
2020-04-27 11:04:04 DEBUG greencandle.lib.order Getting moving averages for RENBNB
2020-04-27 11:04:04 DEBUG greencandle.lib.order done getting moving averages
2020-04-27 11:04:04 DEBUG greencandle.lib.order Adding to Redis: 4h ['EMA_8'] 1558598399999
2020-04-27 11:04:04 DEBUG greencandle.lib.order Adding to Redis: 4h ['EMA_13'] 1558598399999
2020-04-27 11:04:04 DEBUG greencandle.lib.order Adding to Redis: 4h ['EMA_21'] 1558598399999
2020-04-27 11:04:04 DEBUG greencandle.lib.order Adding to Redis: 4h ['EMA_55'] 1558598399999
2020-04-27 11:04:04 DEBUG greencandle.lib.order Adding to Redis: 4h ['ohlc'] 1558598399999
2020-04-27 11:04:04 DEBUG greencandle.lib.order Done getting data
2020-04-27 11:04:04 DEBUG greencandle.lib.mysql Starting Mysql with interval 4h, test=True
2020-04-27 11:04:04 DEBUG greencandle.lib.mysql Running Mysql command: select buy_price, quote_in, buy_time, base_in from trades where sell_price is NULL and `interval` = "4h" and pair = "RENBNB"
2020-04-27 11:04:04 DEBUG greencandle.lib.mysql Rule: buy_rule1: results.current.EMA_8 > results.current.EMA_13 and results.current.EMA_13 > results.current.EMA_21 and results.current.EMA_21 > results.current.EMA_55 and close > last_close
2020-04-27 11:04:04 DEBUG greencandle.lib.mysql Rule: sell_rule1: results.current.EMA_8 < results.current.EMA_13
2020-04-27 11:04:04 DEBUG greencandle.lib.mysql Rule: sell_rule2: low < results.current.EMA_55
2020-04-27 11:04:04 DEBUG greencandle.lib.mysql Running Mysql command: select buy_price, quote_in, buy_time, base_in from trades where sell_price is NULL and `interval` = "4h" and pair = "RENBNB"
2020-04-27 11:04:04 INFO greencandle.lib.mysql RENBNB sell Rules matched: []
2020-04-27 11:04:04 INFO greencandle.lib.mysql RENBNB buy Rules matched: []
2020-04-27 11:04:04 DEBUG greencandle.lib.mysql Running Mysql command: select buy_price, quote_in, buy_time, base_in from trades where sell_price is NULL and `interval` = "4h" and pair = "RENBNB"
2020-04-27 11:04:04 DEBUG greencandle.lib.mysql IN LOOP 6 
2020-04-27 11:04:04 DEBUG greencandle.lib.order chunk: 6, 1006
2020-04-27 11:04:04 DEBUG greencandle.lib.order current date: 2019-05-23 11:59:59
2020-04-27 11:04:04 DEBUG greencandle.lib.order Fetching raw data
2020-04-27 11:04:04 DEBUG greencandle.lib.order Finished fetching raw data
2020-04-27 11:04:04 DEBUG greencandle.lib.order Getting data
2020-04-27 11:04:04 DEBUG greencandle.lib.order Getting moving averages for RENBNB
2020-04-27 11:04:04 DEBUG greencandle.lib.order done getting moving averages
2020-04-27 11:04:04 DEBUG greencandle.lib.order Getting moving averages for RENBNB
2020-04-27 11:04:04 DEBUG greencandle.lib.order done getting moving averages
2020-04-27 11:04:04 DEBUG greencandle.lib.order Getting moving averages for RENBNB
2020-04-27 11:04:04 DEBUG greencandle.lib.order done getting moving averages
2020-04-27 11:04:04 DEBUG greencandle.lib.order Getting moving averages for RENBNB
2020-04-27 11:04:04 DEBUG greencandle.lib.order done getting moving averages
2020-04-27 11:04:04 DEBUG greencandle.lib.order Adding to Redis: 4h ['EMA_8'] 1558612799999
2020-04-27 11:04:04 DEBUG greencandle.lib.order Adding to Redis: 4h ['EMA_13'] 1558612799999
2020-04-27 11:04:04 DEBUG greencandle.lib.order Adding to Redis: 4h ['EMA_21'] 1558612799999
2020-04-27 11:04:04 DEBUG greencandle.lib.order Adding to Redis: 4h ['EMA_55'] 1558612799999
2020-04-27 11:04:04 DEBUG greencandle.lib.order Adding to Redis: 4h ['ohlc'] 1558612799999
2020-04-27 11:04:04 DEBUG greencandle.lib.order Done getting data
2020-04-27 11:04:04 DEBUG greencandle.lib.mysql Starting Mysql with interval 4h, test=True
2020-04-27 11:04:04 DEBUG greencandle.lib.mysql Running Mysql command: select buy_price, quote_in, buy_time, base_in from trades where sell_price is NULL and `interval` = "4h" and pair = "RENBNB"
2020-04-27 11:04:04 DEBUG greencandle.lib.mysql Rule: buy_rule1: results.current.EMA_8 > results.current.EMA_13 and results.current.EMA_13 > results.current.EMA_21 and results.current.EMA_21 > results.current.EMA_55 and close > last_close
2020-04-27 11:04:04 DEBUG greencandle.lib.mysql Rule: sell_rule1: results.current.EMA_8 < results.current.EMA_13
2020-04-27 11:04:04 DEBUG greencandle.lib.mysql Rule: sell_rule2: low < results.current.EMA_55
2020-04-27 11:04:04 DEBUG greencandle.lib.mysql Running Mysql command: select buy_price, quote_in, buy_time, base_in from trades where sell_price is NULL and `interval` = "4h" and pair = "RENBNB"
2020-04-27 11:04:04 INFO greencandle.lib.mysql RENBNB sell Rules matched: [2]
2020-04-27 11:04:04 INFO greencandle.lib.mysql RENBNB buy Rules matched: []
2020-04-27 11:04:04 DEBUG greencandle.lib.mysql Running Mysql command: select buy_price, quote_in, buy_time, base_in from trades where sell_price is NULL and `interval` = "4h" and pair = "RENBNB"
2020-04-27 11:04:04 DEBUG greencandle.lib.mysql IN LOOP 7 
2020-04-27 11:04:04 DEBUG greencandle.lib.order chunk: 7, 1007
2020-04-27 11:04:04 DEBUG greencandle.lib.order current date: 2019-05-23 15:59:59
2020-04-27 11:04:04 DEBUG greencandle.lib.order Fetching raw data
2020-04-27 11:04:04 DEBUG greencandle.lib.order Finished fetching raw data
2020-04-27 11:04:04 DEBUG greencandle.lib.order Getting data
2020-04-27 11:04:04 DEBUG greencandle.lib.order Getting moving averages for RENBNB
2020-04-27 11:04:04 DEBUG greencandle.lib.order done getting moving averages
2020-04-27 11:04:04 DEBUG greencandle.lib.order Getting moving averages for RENBNB
2020-04-27 11:04:04 DEBUG greencandle.lib.order done getting moving averages
2020-04-27 11:04:04 DEBUG greencandle.lib.order Getting moving averages for RENBNB
2020-04-27 11:04:04 DEBUG greencandle.lib.order done getting moving averages
2020-04-27 11:04:04 DEBUG greencandle.lib.order Getting moving averages for RENBNB
2020-04-27 11:04:04 DEBUG greencandle.lib.order done getting moving averages
2020-04-27 11:04:04 DEBUG greencandle.lib.order Adding to Redis: 4h ['EMA_8'] 1558627199999
2020-04-27 11:04:04 DEBUG greencandle.lib.order Adding to Redis: 4h ['EMA_13'] 1558627199999
2020-04-27 11:04:04 DEBUG greencandle.lib.order Adding to Redis: 4h ['EMA_21'] 1558627199999
2020-04-27 11:04:04 DEBUG greencandle.lib.order Adding to Redis: 4h ['EMA_55'] 1558627199999
2020-04-27 11:04:04 DEBUG greencandle.lib.order Adding to Redis: 4h ['ohlc'] 1558627199999
2020-04-27 11:04:04 DEBUG greencandle.lib.order Done getting data
2020-04-27 11:04:04 DEBUG greencandle.lib.mysql Starting Mysql with interval 4h, test=True
2020-04-27 11:04:04 DEBUG greencandle.lib.mysql Running Mysql command: select buy_price, quote_in, buy_time, base_in from trades where sell_price is NULL and `interval` = "4h" and pair = "RENBNB"
2020-04-27 11:04:04 DEBUG greencandle.lib.mysql Rule: buy_rule1: results.current.EMA_8 > results.current.EMA_13 and results.current.EMA_13 > results.current.EMA_21 and results.current.EMA_21 > results.current.EMA_55 and close > last_close
2020-04-27 11:04:04 DEBUG greencandle.lib.mysql Rule: sell_rule1: results.current.EMA_8 < results.current.EMA_13
2020-04-27 11:04:04 DEBUG greencandle.lib.mysql Rule: sell_rule2: low < results.current.EMA_55
2020-04-27 11:04:04 DEBUG greencandle.lib.mysql Running Mysql command: select buy_price, quote_in, buy_time, base_in from trades where sell_price is NULL and `interval` = "4h" and pair = "RENBNB"
2020-04-27 11:04:04 INFO greencandle.lib.mysql RENBNB sell Rules matched: [2]
2020-04-27 11:04:04 INFO greencandle.lib.mysql RENBNB buy Rules matched: []
2020-04-27 11:04:04 DEBUG greencandle.lib.mysql Running Mysql command: select buy_price, quote_in, buy_time, base_in from trades where sell_price is NULL and `interval` = "4h" and pair = "RENBNB"
2020-04-27 11:04:04 DEBUG greencandle.lib.mysql IN LOOP 8 
2020-04-27 11:04:04 DEBUG greencandle.lib.order chunk: 8, 1008
2020-04-27 11:04:04 DEBUG greencandle.lib.order current date: 2019-05-23 19:59:59
2020-04-27 11:04:04 DEBUG greencandle.lib.order Fetching raw data
2020-04-27 11:04:04 DEBUG greencandle.lib.order Finished fetching raw data
2020-04-27 11:04:04 DEBUG greencandle.lib.order Getting data
2020-04-27 11:04:04 DEBUG greencandle.lib.order Getting moving averages for RENBNB
2020-04-27 11:04:04 DEBUG greencandle.lib.order done getting moving averages
2020-04-27 11:04:04 DEBUG greencandle.lib.order Getting moving averages for RENBNB
2020-04-27 11:04:04 DEBUG greencandle.lib.order done getting moving averages
2020-04-27 11:04:04 DEBUG greencandle.lib.order Getting moving averages for RENBNB
2020-04-27 11:04:04 DEBUG greencandle.lib.order done getting moving averages
2020-04-27 11:04:04 DEBUG greencandle.lib.order Getting moving averages for RENBNB
2020-04-27 11:04:04 DEBUG greencandle.lib.order done getting moving averages
2020-04-27 11:04:04 DEBUG greencandle.lib.order Adding to Redis: 4h ['EMA_8'] 1558641599999
2020-04-27 11:04:04 DEBUG greencandle.lib.order Adding to Redis: 4h ['EMA_13'] 1558641599999
2020-04-27 11:04:04 DEBUG greencandle.lib.order Adding to Redis: 4h ['EMA_21'] 1558641599999
2020-04-27 11:04:04 DEBUG greencandle.lib.order Adding to Redis: 4h ['EMA_55'] 1558641599999
2020-04-27 11:04:04 DEBUG greencandle.lib.order Adding to Redis: 4h ['ohlc'] 1558641599999
2020-04-27 11:04:04 DEBUG greencandle.lib.order Done getting data
2020-04-27 11:04:04 DEBUG greencandle.lib.mysql Starting Mysql with interval 4h, test=True
2020-04-27 11:04:04 DEBUG greencandle.lib.mysql Running Mysql command: select buy_price, quote_in, buy_time, base_in from trades where sell_price is NULL and `interval` = "4h" and pair = "RENBNB"
2020-04-27 11:04:04 DEBUG greencandle.lib.mysql Rule: buy_rule1: results.current.EMA_8 > results.current.EMA_13 and results.current.EMA_13 > results.current.EMA_21 and results.current.EMA_21 > results.current.EMA_55 and close > last_close
2020-04-27 11:04:04 DEBUG greencandle.lib.mysql Rule: sell_rule1: results.current.EMA_8 < results.current.EMA_13
2020-04-27 11:04:04 DEBUG greencandle.lib.mysql Rule: sell_rule2: low < results.current.EMA_55
2020-04-27 11:04:04 DEBUG greencandle.lib.mysql Running Mysql command: select buy_price, quote_in, buy_time, base_in from trades where sell_price is NULL and `interval` = "4h" and pair = "RENBNB"
2020-04-27 11:04:04 INFO greencandle.lib.mysql RENBNB sell Rules matched: [2]
2020-04-27 11:04:04 INFO greencandle.lib.mysql RENBNB buy Rules matched: []
2020-04-27 11:04:04 DEBUG greencandle.lib.mysql Running Mysql command: select buy_price, quote_in, buy_time, base_in from trades where sell_price is NULL and `interval` = "4h" and pair = "RENBNB"
2020-04-27 11:04:04 DEBUG greencandle.lib.mysql IN LOOP 9 
2020-04-27 11:04:04 DEBUG greencandle.lib.order chunk: 9, 1009
2020-04-27 11:04:04 DEBUG greencandle.lib.order current date: 2019-05-23 23:59:59
2020-04-27 11:04:04 DEBUG greencandle.lib.order Fetching raw data
2020-04-27 11:04:04 DEBUG greencandle.lib.order Finished fetching raw data
2020-04-27 11:04:04 DEBUG greencandle.lib.order Getting data
2020-04-27 11:04:04 DEBUG greencandle.lib.order Getting moving averages for RENBNB
2020-04-27 11:04:04 DEBUG greencandle.lib.order done getting moving averages
2020-04-27 11:04:04 DEBUG greencandle.lib.order Getting moving averages for RENBNB
2020-04-27 11:04:04 DEBUG greencandle.lib.order done getting moving averages
2020-04-27 11:04:04 DEBUG greencandle.lib.order Getting moving averages for RENBNB
2020-04-27 11:04:05 DEBUG greencandle.lib.order done getting moving averages
2020-04-27 11:04:05 DEBUG greencandle.lib.order Getting moving averages for RENBNB
2020-04-27 11:04:05 DEBUG greencandle.lib.order done getting moving averages
2020-04-27 11:04:05 DEBUG greencandle.lib.order Adding to Redis: 4h ['EMA_8'] 1558655999999
2020-04-27 11:04:05 DEBUG greencandle.lib.order Adding to Redis: 4h ['EMA_13'] 1558655999999
2020-04-27 11:04:05 DEBUG greencandle.lib.order Adding to Redis: 4h ['EMA_21'] 1558655999999
2020-04-27 11:04:05 DEBUG greencandle.lib.order Adding to Redis: 4h ['EMA_55'] 1558655999999
2020-04-27 11:04:05 DEBUG greencandle.lib.order Adding to Redis: 4h ['ohlc'] 1558655999999
2020-04-27 11:04:05 DEBUG greencandle.lib.order Done getting data
2020-04-27 11:04:05 DEBUG greencandle.lib.mysql Starting Mysql with interval 4h, test=True
2020-04-27 11:04:05 DEBUG greencandle.lib.mysql Running Mysql command: select buy_price, quote_in, buy_time, base_in from trades where sell_price is NULL and `interval` = "4h" and pair = "RENBNB"
2020-04-27 11:04:05 DEBUG greencandle.lib.mysql Rule: buy_rule1: results.current.EMA_8 > results.current.EMA_13 and results.current.EMA_13 > results.current.EMA_21 and results.current.EMA_21 > results.current.EMA_55 and close > last_close
2020-04-27 11:04:05 DEBUG greencandle.lib.mysql Rule: sell_rule1: results.current.EMA_8 < results.current.EMA_13
2020-04-27 11:04:05 DEBUG greencandle.lib.mysql Rule: sell_rule2: low < results.current.EMA_55
2020-04-27 11:04:05 DEBUG greencandle.lib.mysql Running Mysql command: select buy_price, quote_in, buy_time, base_in from trades where sell_price is NULL and `interval` = "4h" and pair = "RENBNB"
2020-04-27 11:04:05 INFO greencandle.lib.mysql RENBNB sell Rules matched: [2]
2020-04-27 11:04:05 INFO greencandle.lib.mysql RENBNB buy Rules matched: []
2020-04-27 11:04:05 DEBUG greencandle.lib.mysql Running Mysql command: select buy_price, quote_in, buy_time, base_in from trades where sell_price is NULL and `interval` = "4h" and pair = "RENBNB"
2020-04-27 11:04:05 DEBUG greencandle.lib.mysql IN LOOP 10 
2020-04-27 11:04:05 DEBUG greencandle.lib.order chunk: 10, 1010
2020-04-27 11:04:05 DEBUG greencandle.lib.order current date: 2019-05-24 03:59:59
2020-04-27 11:04:05 DEBUG greencandle.lib.order Fetching raw data
2020-04-27 11:04:05 DEBUG greencandle.lib.order Finished fetching raw data
2020-04-27 11:04:05 DEBUG greencandle.lib.order Getting data
2020-04-27 11:04:05 DEBUG greencandle.lib.order Getting moving averages for RENBNB
2020-04-27 11:04:05 DEBUG greencandle.lib.order done getting moving averages
2020-04-27 11:04:05 DEBUG greencandle.lib.order Getting moving averages for RENBNB
2020-04-27 11:04:05 DEBUG greencandle.lib.order done getting moving averages
2020-04-27 11:04:05 DEBUG greencandle.lib.order Getting moving averages for RENBNB
2020-04-27 11:04:05 DEBUG greencandle.lib.order done getting moving averages
2020-04-27 11:04:05 DEBUG greencandle.lib.order Getting moving averages for RENBNB
2020-04-27 11:04:05 DEBUG greencandle.lib.order done getting moving averages
2020-04-27 11:04:05 DEBUG greencandle.lib.order Adding to Redis: 4h ['EMA_8'] 1558670399999
2020-04-27 11:04:05 DEBUG greencandle.lib.order Adding to Redis: 4h ['EMA_13'] 1558670399999
2020-04-27 11:04:05 DEBUG greencandle.lib.order Adding to Redis: 4h ['EMA_21'] 1558670399999
2020-04-27 11:04:05 DEBUG greencandle.lib.order Adding to Redis: 4h ['EMA_55'] 1558670399999
2020-04-27 11:04:05 DEBUG greencandle.lib.order Adding to Redis: 4h ['ohlc'] 1558670399999
2020-04-27 11:04:05 DEBUG greencandle.lib.order Done getting data
2020-04-27 11:04:05 DEBUG greencandle.lib.mysql Starting Mysql with interval 4h, test=True
2020-04-27 11:04:05 DEBUG greencandle.lib.mysql Running Mysql command: select buy_price, quote_in, buy_time, base_in from trades where sell_price is NULL and `interval` = "4h" and pair = "RENBNB"
2020-04-27 11:04:05 DEBUG greencandle.lib.mysql Rule: buy_rule1: results.current.EMA_8 > results.current.EMA_13 and results.current.EMA_13 > results.current.EMA_21 and results.current.EMA_21 > results.current.EMA_55 and close > last_close
2020-04-27 11:04:05 DEBUG greencandle.lib.mysql Rule: sell_rule1: results.current.EMA_8 < results.current.EMA_13
2020-04-27 11:04:05 DEBUG greencandle.lib.mysql Rule: sell_rule2: low < results.current.EMA_55
2020-04-27 11:04:05 DEBUG greencandle.lib.mysql Running Mysql command: select buy_price, quote_in, buy_time, base_in from trades where sell_price is NULL and `interval` = "4h" and pair = "RENBNB"
2020-04-27 11:04:05 INFO greencandle.lib.mysql RENBNB sell Rules matched: [1, 2]
2020-04-27 11:04:05 INFO greencandle.lib.mysql RENBNB buy Rules matched: []
2020-04-27 11:04:05 DEBUG greencandle.lib.mysql Running Mysql command: select buy_price, quote_in, buy_time, base_in from trades where sell_price is NULL and `interval` = "4h" and pair = "RENBNB"
2020-04-27 11:04:05 DEBUG greencandle.lib.mysql IN LOOP 11 
2020-04-27 11:04:05 DEBUG greencandle.lib.order chunk: 11, 1011
2020-04-27 11:04:05 DEBUG greencandle.lib.order current date: 2019-05-24 07:59:59
2020-04-27 11:04:05 DEBUG greencandle.lib.order Fetching raw data
2020-04-27 11:04:05 DEBUG greencandle.lib.order Finished fetching raw data
2020-04-27 11:04:05 DEBUG greencandle.lib.order Getting data
2020-04-27 11:04:05 DEBUG greencandle.lib.order Getting moving averages for RENBNB
2020-04-27 11:04:05 DEBUG greencandle.lib.order done getting moving averages
2020-04-27 11:04:05 DEBUG greencandle.lib.order Getting moving averages for RENBNB
2020-04-27 11:04:05 DEBUG greencandle.lib.order done getting moving averages
2020-04-27 11:04:05 DEBUG greencandle.lib.order Getting moving averages for RENBNB
2020-04-27 11:04:05 DEBUG greencandle.lib.order done getting moving averages
2020-04-27 11:04:05 DEBUG greencandle.lib.order Getting moving averages for RENBNB
2020-04-27 11:04:05 DEBUG greencandle.lib.order done getting moving averages
2020-04-27 11:04:05 DEBUG greencandle.lib.order Adding to Redis: 4h ['EMA_8'] 1558684799999
2020-04-27 11:04:05 DEBUG greencandle.lib.order Adding to Redis: 4h ['EMA_13'] 1558684799999
2020-04-27 11:04:05 DEBUG greencandle.lib.order Adding to Redis: 4h ['EMA_21'] 1558684799999
2020-04-27 11:04:05 DEBUG greencandle.lib.order Adding to Redis: 4h ['EMA_55'] 1558684799999
2020-04-27 11:04:05 DEBUG greencandle.lib.order Adding to Redis: 4h ['ohlc'] 1558684799999
2020-04-27 11:04:05 DEBUG greencandle.lib.order Done getting data
2020-04-27 11:04:05 DEBUG greencandle.lib.mysql Starting Mysql with interval 4h, test=True
2020-04-27 11:04:05 DEBUG greencandle.lib.mysql Running Mysql command: select buy_price, quote_in, buy_time, base_in from trades where sell_price is NULL and `interval` = "4h" and pair = "RENBNB"
2020-04-27 11:04:05 DEBUG greencandle.lib.mysql Rule: buy_rule1: results.current.EMA_8 > results.current.EMA_13 and results.current.EMA_13 > results.current.EMA_21 and results.current.EMA_21 > results.current.EMA_55 and close > last_close
2020-04-27 11:04:05 DEBUG greencandle.lib.mysql Rule: sell_rule1: results.current.EMA_8 < results.current.EMA_13
2020-04-27 11:04:05 DEBUG greencandle.lib.mysql Rule: sell_rule2: low < results.current.EMA_55
2020-04-27 11:04:05 DEBUG greencandle.lib.mysql Running Mysql command: select buy_price, quote_in, buy_time, base_in from trades where sell_price is NULL and `interval` = "4h" and pair = "RENBNB"
2020-04-27 11:04:05 INFO greencandle.lib.mysql RENBNB sell Rules matched: [1, 2]
2020-04-27 11:04:05 INFO greencandle.lib.mysql RENBNB buy Rules matched: []
2020-04-27 11:04:05 DEBUG greencandle.lib.mysql Running Mysql command: select buy_price, quote_in, buy_time, base_in from trades where sell_price is NULL and `interval` = "4h" and pair = "RENBNB"
2020-04-27 11:04:05 DEBUG greencandle.lib.mysql IN LOOP 12 
2020-04-27 11:04:05 DEBUG greencandle.lib.order chunk: 12, 1012
2020-04-27 11:04:05 DEBUG greencandle.lib.order current date: 2019-05-24 11:59:59
2020-04-27 11:04:05 DEBUG greencandle.lib.order Fetching raw data
2020-04-27 11:04:05 DEBUG greencandle.lib.order Finished fetching raw data
2020-04-27 11:04:05 DEBUG greencandle.lib.order Getting data
2020-04-27 11:04:05 DEBUG greencandle.lib.order Getting moving averages for RENBNB
2020-04-27 11:04:05 DEBUG greencandle.lib.order done getting moving averages
2020-04-27 11:04:05 DEBUG greencandle.lib.order Getting moving averages for RENBNB
2020-04-27 11:04:05 DEBUG greencandle.lib.order done getting moving averages
2020-04-27 11:04:05 DEBUG greencandle.lib.order Getting moving averages for RENBNB
2020-04-27 11:04:05 DEBUG greencandle.lib.order done getting moving averages
2020-04-27 11:04:05 DEBUG greencandle.lib.order Getting moving averages for RENBNB
2020-04-27 11:04:05 DEBUG greencandle.lib.order done getting moving averages
2020-04-27 11:04:05 DEBUG greencandle.lib.order Adding to Redis: 4h ['EMA_8'] 1558699199999
2020-04-27 11:04:05 DEBUG greencandle.lib.order Adding to Redis: 4h ['EMA_13'] 1558699199999
2020-04-27 11:04:05 DEBUG greencandle.lib.order Adding to Redis: 4h ['EMA_21'] 1558699199999
2020-04-27 11:04:05 DEBUG greencandle.lib.order Adding to Redis: 4h ['EMA_55'] 1558699199999
2020-04-27 11:04:05 DEBUG greencandle.lib.order Adding to Redis: 4h ['ohlc'] 1558699199999
2020-04-27 11:04:05 DEBUG greencandle.lib.order Done getting data
2020-04-27 11:04:05 DEBUG greencandle.lib.mysql Starting Mysql with interval 4h, test=True
2020-04-27 11:04:05 DEBUG greencandle.lib.mysql Running Mysql command: select buy_price, quote_in, buy_time, base_in from trades where sell_price is NULL and `interval` = "4h" and pair = "RENBNB"
2020-04-27 11:04:05 DEBUG greencandle.lib.mysql Rule: buy_rule1: results.current.EMA_8 > results.current.EMA_13 and results.current.EMA_13 > results.current.EMA_21 and results.current.EMA_21 > results.current.EMA_55 and close > last_close
2020-04-27 11:04:05 DEBUG greencandle.lib.mysql Rule: sell_rule1: results.current.EMA_8 < results.current.EMA_13
2020-04-27 11:04:05 DEBUG greencandle.lib.mysql Rule: sell_rule2: low < results.current.EMA_55
2020-04-27 11:04:05 DEBUG greencandle.lib.mysql Running Mysql command: select buy_price, quote_in, buy_time, base_in from trades where sell_price is NULL and `interval` = "4h" and pair = "RENBNB"
2020-04-27 11:04:05 INFO greencandle.lib.mysql RENBNB sell Rules matched: [1, 2]
2020-04-27 11:04:05 INFO greencandle.lib.mysql RENBNB buy Rules matched: []
2020-04-27 11:04:05 DEBUG greencandle.lib.mysql Running Mysql command: select buy_price, quote_in, buy_time, base_in from trades where sell_price is NULL and `interval` = "4h" and pair = "RENBNB"
2020-04-27 11:04:05 DEBUG greencandle.lib.mysql IN LOOP 13 
2020-04-27 11:04:05 DEBUG greencandle.lib.order chunk: 13, 1013
2020-04-27 11:04:05 DEBUG greencandle.lib.order current date: 2019-05-24 15:59:59
2020-04-27 11:04:05 DEBUG greencandle.lib.order Fetching raw data
2020-04-27 11:04:05 DEBUG greencandle.lib.order Finished fetching raw data
2020-04-27 11:04:05 DEBUG greencandle.lib.order Getting data
2020-04-27 11:04:05 DEBUG greencandle.lib.order Getting moving averages for RENBNB
2020-04-27 11:04:05 DEBUG greencandle.lib.order done getting moving averages
2020-04-27 11:04:05 DEBUG greencandle.lib.order Getting moving averages for RENBNB
2020-04-27 11:04:05 DEBUG greencandle.lib.order done getting moving averages
2020-04-27 11:04:05 DEBUG greencandle.lib.order Getting moving averages for RENBNB
2020-04-27 11:04:05 DEBUG greencandle.lib.order done getting moving averages
2020-04-27 11:04:05 DEBUG greencandle.lib.order Getting moving averages for RENBNB
2020-04-27 11:04:05 DEBUG greencandle.lib.order done getting moving averages
2020-04-27 11:04:05 DEBUG greencandle.lib.order Adding to Redis: 4h ['EMA_8'] 1558713599999
2020-04-27 11:04:05 DEBUG greencandle.lib.order Adding to Redis: 4h ['EMA_13'] 1558713599999
2020-04-27 11:04:05 DEBUG greencandle.lib.order Adding to Redis: 4h ['EMA_21'] 1558713599999
2020-04-27 11:04:05 DEBUG greencandle.lib.order Adding to Redis: 4h ['EMA_55'] 1558713599999
2020-04-27 11:04:05 DEBUG greencandle.lib.order Adding to Redis: 4h ['ohlc'] 1558713599999
2020-04-27 11:04:05 DEBUG greencandle.lib.order Done getting data
2020-04-27 11:04:05 DEBUG greencandle.lib.mysql Starting Mysql with interval 4h, test=True
2020-04-27 11:04:05 DEBUG greencandle.lib.mysql Running Mysql command: select buy_price, quote_in, buy_time, base_in from trades where sell_price is NULL and `interval` = "4h" and pair = "RENBNB"
2020-04-27 11:04:05 DEBUG greencandle.lib.mysql Rule: buy_rule1: results.current.EMA_8 > results.current.EMA_13 and results.current.EMA_13 > results.current.EMA_21 and results.current.EMA_21 > results.current.EMA_55 and close > last_close
2020-04-27 11:04:05 DEBUG greencandle.lib.mysql Rule: sell_rule1: results.current.EMA_8 < results.current.EMA_13
2020-04-27 11:04:05 DEBUG greencandle.lib.mysql Rule: sell_rule2: low < results.current.EMA_55
2020-04-27 11:04:05 DEBUG greencandle.lib.mysql Running Mysql command: select buy_price, quote_in, buy_time, base_in from trades where sell_price is NULL and `interval` = "4h" and pair = "RENBNB"
2020-04-27 11:04:05 INFO greencandle.lib.mysql RENBNB sell Rules matched: [1, 2]
2020-04-27 11:04:05 INFO greencandle.lib.mysql RENBNB buy Rules matched: []
2020-04-27 11:04:05 DEBUG greencandle.lib.mysql Running Mysql command: select buy_price, quote_in, buy_time, base_in from trades where sell_price is NULL and `interval` = "4h" and pair = "RENBNB"
2020-04-27 11:04:05 DEBUG greencandle.lib.mysql IN LOOP 14 
2020-04-27 11:04:05 DEBUG greencandle.lib.order chunk: 14, 1014
2020-04-27 11:04:05 DEBUG greencandle.lib.order current date: 2019-05-24 19:59:59
2020-04-27 11:04:05 DEBUG greencandle.lib.order Fetching raw data
2020-04-27 11:04:05 DEBUG greencandle.lib.order Finished fetching raw data
2020-04-27 11:04:05 DEBUG greencandle.lib.order Getting data
2020-04-27 11:04:05 DEBUG greencandle.lib.order Getting moving averages for RENBNB
2020-04-27 11:04:05 DEBUG greencandle.lib.order done getting moving averages
2020-04-27 11:04:05 DEBUG greencandle.lib.order Getting moving averages for RENBNB
2020-04-27 11:04:05 DEBUG greencandle.lib.order done getting moving averages
2020-04-27 11:04:05 DEBUG greencandle.lib.order Getting moving averages for RENBNB
2020-04-27 11:04:05 DEBUG greencandle.lib.order done getting moving averages
2020-04-27 11:04:05 DEBUG greencandle.lib.order Getting moving averages for RENBNB
2020-04-27 11:04:05 DEBUG greencandle.lib.order done getting moving averages
2020-04-27 11:04:05 DEBUG greencandle.lib.order Adding to Redis: 4h ['EMA_8'] 1558727999999
2020-04-27 11:04:05 DEBUG greencandle.lib.order Adding to Redis: 4h ['EMA_13'] 1558727999999
2020-04-27 11:04:05 DEBUG greencandle.lib.order Adding to Redis: 4h ['EMA_21'] 1558727999999
2020-04-27 11:04:05 DEBUG greencandle.lib.order Adding to Redis: 4h ['EMA_55'] 1558727999999
2020-04-27 11:04:05 DEBUG greencandle.lib.order Adding to Redis: 4h ['ohlc'] 1558727999999
2020-04-27 11:04:05 DEBUG greencandle.lib.order Done getting data
2020-04-27 11:04:05 DEBUG greencandle.lib.mysql Starting Mysql with interval 4h, test=True
2020-04-27 11:04:05 DEBUG greencandle.lib.mysql Running Mysql command: select buy_price, quote_in, buy_time, base_in from trades where sell_price is NULL and `interval` = "4h" and pair = "RENBNB"
2020-04-27 11:04:05 DEBUG greencandle.lib.mysql Rule: buy_rule1: results.current.EMA_8 > results.current.EMA_13 and results.current.EMA_13 > results.current.EMA_21 and results.current.EMA_21 > results.current.EMA_55 and close > last_close
2020-04-27 11:04:05 DEBUG greencandle.lib.mysql Rule: sell_rule1: results.current.EMA_8 < results.current.EMA_13
2020-04-27 11:04:05 DEBUG greencandle.lib.mysql Rule: sell_rule2: low < results.current.EMA_55
2020-04-27 11:04:05 DEBUG greencandle.lib.mysql Running Mysql command: select buy_price, quote_in, buy_time, base_in from trades where sell_price is NULL and `interval` = "4h" and pair = "RENBNB"
2020-04-27 11:04:05 INFO greencandle.lib.mysql RENBNB sell Rules matched: [1, 2]
2020-04-27 11:04:05 INFO greencandle.lib.mysql RENBNB buy Rules matched: []
2020-04-27 11:04:05 DEBUG greencandle.lib.mysql Running Mysql command: select buy_price, quote_in, buy_time, base_in from trades where sell_price is NULL and `interval` = "4h" and pair = "RENBNB"
2020-04-27 11:04:05 DEBUG greencandle.lib.mysql IN LOOP 15 
2020-04-27 11:04:05 DEBUG greencandle.lib.order chunk: 15, 1015
2020-04-27 11:04:05 DEBUG greencandle.lib.order current date: 2019-05-24 23:59:59
2020-04-27 11:04:05 DEBUG greencandle.lib.order Fetching raw data
2020-04-27 11:04:05 DEBUG greencandle.lib.order Finished fetching raw data
2020-04-27 11:04:05 DEBUG greencandle.lib.order Getting data
2020-04-27 11:04:05 DEBUG greencandle.lib.order Getting moving averages for RENBNB
2020-04-27 11:04:05 DEBUG greencandle.lib.order done getting moving averages
2020-04-27 11:04:05 DEBUG greencandle.lib.order Getting moving averages for RENBNB
2020-04-27 11:04:05 DEBUG greencandle.lib.order done getting moving averages
2020-04-27 11:04:05 DEBUG greencandle.lib.order Getting moving averages for RENBNB
2020-04-27 11:04:05 DEBUG greencandle.lib.order done getting moving averages
2020-04-27 11:04:05 DEBUG greencandle.lib.order Getting moving averages for RENBNB
2020-04-27 11:04:05 DEBUG greencandle.lib.order done getting moving averages
2020-04-27 11:04:05 DEBUG greencandle.lib.order Adding to Redis: 4h ['EMA_8'] 1558742399999
2020-04-27 11:04:05 DEBUG greencandle.lib.order Adding to Redis: 4h ['EMA_13'] 1558742399999
2020-04-27 11:04:05 DEBUG greencandle.lib.order Adding to Redis: 4h ['EMA_21'] 1558742399999
2020-04-27 11:04:05 DEBUG greencandle.lib.order Adding to Redis: 4h ['EMA_55'] 1558742399999
2020-04-27 11:04:05 DEBUG greencandle.lib.order Adding to Redis: 4h ['ohlc'] 1558742399999
2020-04-27 11:04:05 DEBUG greencandle.lib.order Done getting data
2020-04-27 11:04:05 DEBUG greencandle.lib.mysql Starting Mysql with interval 4h, test=True
2020-04-27 11:04:05 DEBUG greencandle.lib.mysql Running Mysql command: select buy_price, quote_in, buy_time, base_in from trades where sell_price is NULL and `interval` = "4h" and pair = "RENBNB"
2020-04-27 11:04:05 DEBUG greencandle.lib.mysql Rule: buy_rule1: results.current.EMA_8 > results.current.EMA_13 and results.current.EMA_13 > results.current.EMA_21 and results.current.EMA_21 > results.current.EMA_55 and close > last_close
2020-04-27 11:04:05 DEBUG greencandle.lib.mysql Rule: sell_rule1: results.current.EMA_8 < results.current.EMA_13
2020-04-27 11:04:05 DEBUG greencandle.lib.mysql Rule: sell_rule2: low < results.current.EMA_55
2020-04-27 11:04:05 DEBUG greencandle.lib.mysql Running Mysql command: select buy_price, quote_in, buy_time, base_in from trades where sell_price is NULL and `interval` = "4h" and pair = "RENBNB"
2020-04-27 11:04:05 INFO greencandle.lib.mysql RENBNB sell Rules matched: [1, 2]
2020-04-27 11:04:05 INFO greencandle.lib.mysql RENBNB buy Rules matched: []
2020-04-27 11:04:05 DEBUG greencandle.lib.mysql Running Mysql command: select buy_price, quote_in, buy_time, base_in from trades where sell_price is NULL and `interval` = "4h" and pair = "RENBNB"
2020-04-27 11:04:05 DEBUG greencandle.lib.mysql IN LOOP 16 
2020-04-27 11:04:05 DEBUG greencandle.lib.order chunk: 16, 1016
2020-04-27 11:04:05 DEBUG greencandle.lib.order current date: 2019-05-25 03:59:59
2020-04-27 11:04:05 DEBUG greencandle.lib.order Fetching raw data
2020-04-27 11:04:05 DEBUG greencandle.lib.order Finished fetching raw data
2020-04-27 11:04:05 DEBUG greencandle.lib.order Getting data
2020-04-27 11:04:05 DEBUG greencandle.lib.order Getting moving averages for RENBNB
2020-04-27 11:04:05 DEBUG greencandle.lib.order done getting moving averages
2020-04-27 11:04:05 DEBUG greencandle.lib.order Getting moving averages for RENBNB
2020-04-27 11:04:05 DEBUG greencandle.lib.order done getting moving averages
2020-04-27 11:04:05 DEBUG greencandle.lib.order Getting moving averages for RENBNB
2020-04-27 11:04:05 DEBUG greencandle.lib.order done getting moving averages
2020-04-27 11:04:05 DEBUG greencandle.lib.order Getting moving averages for RENBNB
2020-04-27 11:04:05 DEBUG greencandle.lib.order done getting moving averages
2020-04-27 11:04:05 DEBUG greencandle.lib.order Adding to Redis: 4h ['EMA_8'] 1558756799999
2020-04-27 11:04:05 DEBUG greencandle.lib.order Adding to Redis: 4h ['EMA_13'] 1558756799999
2020-04-27 11:04:05 DEBUG greencandle.lib.order Adding to Redis: 4h ['EMA_21'] 1558756799999
2020-04-27 11:04:05 DEBUG greencandle.lib.order Adding to Redis: 4h ['EMA_55'] 1558756799999
2020-04-27 11:04:05 DEBUG greencandle.lib.order Adding to Redis: 4h ['ohlc'] 1558756799999
2020-04-27 11:04:05 DEBUG greencandle.lib.order Done getting data
2020-04-27 11:04:05 DEBUG greencandle.lib.mysql Starting Mysql with interval 4h, test=True
2020-04-27 11:04:05 DEBUG greencandle.lib.mysql Running Mysql command: select buy_price, quote_in, buy_time, base_in from trades where sell_price is NULL and `interval` = "4h" and pair = "RENBNB"
2020-04-27 11:04:05 DEBUG greencandle.lib.mysql Rule: buy_rule1: results.current.EMA_8 > results.current.EMA_13 and results.current.EMA_13 > results.current.EMA_21 and results.current.EMA_21 > results.current.EMA_55 and close > last_close
2020-04-27 11:04:05 DEBUG greencandle.lib.mysql Rule: sell_rule1: results.current.EMA_8 < results.current.EMA_13
2020-04-27 11:04:05 DEBUG greencandle.lib.mysql Rule: sell_rule2: low < results.current.EMA_55
2020-04-27 11:04:05 DEBUG greencandle.lib.mysql Running Mysql command: select buy_price, quote_in, buy_time, base_in from trades where sell_price is NULL and `interval` = "4h" and pair = "RENBNB"
2020-04-27 11:04:05 INFO greencandle.lib.mysql RENBNB sell Rules matched: [1, 2]
2020-04-27 11:04:05 INFO greencandle.lib.mysql RENBNB buy Rules matched: []
2020-04-27 11:04:05 DEBUG greencandle.lib.mysql Running Mysql command: select buy_price, quote_in, buy_time, base_in from trades where sell_price is NULL and `interval` = "4h" and pair = "RENBNB"
2020-04-27 11:04:05 DEBUG greencandle.lib.mysql IN LOOP 17 
2020-04-27 11:04:05 DEBUG greencandle.lib.order chunk: 17, 1017
2020-04-27 11:04:05 DEBUG greencandle.lib.order current date: 2019-05-25 07:59:59
2020-04-27 11:04:05 DEBUG greencandle.lib.order Fetching raw data
2020-04-27 11:04:05 DEBUG greencandle.lib.order Finished fetching raw data
2020-04-27 11:04:05 DEBUG greencandle.lib.order Getting data
2020-04-27 11:04:05 DEBUG greencandle.lib.order Getting moving averages for RENBNB
2020-04-27 11:04:05 DEBUG greencandle.lib.order done getting moving averages
2020-04-27 11:04:05 DEBUG greencandle.lib.order Getting moving averages for RENBNB
2020-04-27 11:04:05 DEBUG greencandle.lib.order done getting moving averages
2020-04-27 11:04:05 DEBUG greencandle.lib.order Getting moving averages for RENBNB
2020-04-27 11:04:05 DEBUG greencandle.lib.order done getting moving averages
2020-04-27 11:04:05 DEBUG greencandle.lib.order Getting moving averages for RENBNB
2020-04-27 11:04:05 DEBUG greencandle.lib.order done getting moving averages
2020-04-27 11:04:06 DEBUG greencandle.lib.order Adding to Redis: 4h ['EMA_8'] 1558771199999
2020-04-27 11:04:06 DEBUG greencandle.lib.order Adding to Redis: 4h ['EMA_13'] 1558771199999
2020-04-27 11:04:06 DEBUG greencandle.lib.order Adding to Redis: 4h ['EMA_21'] 1558771199999
2020-04-27 11:04:06 DEBUG greencandle.lib.order Adding to Redis: 4h ['EMA_55'] 1558771199999
2020-04-27 11:04:06 DEBUG greencandle.lib.order Adding to Redis: 4h ['ohlc'] 1558771199999
2020-04-27 11:04:06 DEBUG greencandle.lib.order Done getting data
2020-04-27 11:04:06 DEBUG greencandle.lib.mysql Starting Mysql with interval 4h, test=True
2020-04-27 11:04:06 DEBUG greencandle.lib.mysql Running Mysql command: select buy_price, quote_in, buy_time, base_in from trades where sell_price is NULL and `interval` = "4h" and pair = "RENBNB"
2020-04-27 11:04:06 DEBUG greencandle.lib.mysql Rule: buy_rule1: results.current.EMA_8 > results.current.EMA_13 and results.current.EMA_13 > results.current.EMA_21 and results.current.EMA_21 > results.current.EMA_55 and close > last_close
2020-04-27 11:04:06 DEBUG greencandle.lib.mysql Rule: sell_rule1: results.current.EMA_8 < results.current.EMA_13
2020-04-27 11:04:06 DEBUG greencandle.lib.mysql Rule: sell_rule2: low < results.current.EMA_55
2020-04-27 11:04:06 DEBUG greencandle.lib.mysql Running Mysql command: select buy_price, quote_in, buy_time, base_in from trades where sell_price is NULL and `interval` = "4h" and pair = "RENBNB"
2020-04-27 11:04:06 INFO greencandle.lib.mysql RENBNB sell Rules matched: [1, 2]
2020-04-27 11:04:06 INFO greencandle.lib.mysql RENBNB buy Rules matched: []
2020-04-27 11:04:06 DEBUG greencandle.lib.mysql Running Mysql command: select buy_price, quote_in, buy_time, base_in from trades where sell_price is NULL and `interval` = "4h" and pair = "RENBNB"
2020-04-27 11:04:06 DEBUG greencandle.lib.mysql IN LOOP 18 
2020-04-27 11:04:06 DEBUG greencandle.lib.order chunk: 18, 1018
2020-04-27 11:04:06 DEBUG greencandle.lib.order current date: 2019-05-25 11:59:59
2020-04-27 11:04:06 DEBUG greencandle.lib.order Fetching raw data
2020-04-27 11:04:06 DEBUG greencandle.lib.order Finished fetching raw data
2020-04-27 11:04:06 DEBUG greencandle.lib.order Getting data
2020-04-27 11:04:06 DEBUG greencandle.lib.order Getting moving averages for RENBNB
2020-04-27 11:04:06 DEBUG greencandle.lib.order done getting moving averages
2020-04-27 11:04:06 DEBUG greencandle.lib.order Getting moving averages for RENBNB
2020-04-27 11:04:06 DEBUG greencandle.lib.order done getting moving averages
2020-04-27 11:04:06 DEBUG greencandle.lib.order Getting moving averages for RENBNB
2020-04-27 11:04:06 DEBUG greencandle.lib.order done getting moving averages
2020-04-27 11:04:06 DEBUG greencandle.lib.order Getting moving averages for RENBNB
2020-04-27 11:04:06 DEBUG greencandle.lib.order done getting moving averages
2020-04-27 11:04:06 DEBUG greencandle.lib.order Adding to Redis: 4h ['EMA_8'] 1558785599999
2020-04-27 11:04:06 DEBUG greencandle.lib.order Adding to Redis: 4h ['EMA_13'] 1558785599999
2020-04-27 11:04:06 DEBUG greencandle.lib.order Adding to Redis: 4h ['EMA_21'] 1558785599999
2020-04-27 11:04:06 DEBUG greencandle.lib.order Adding to Redis: 4h ['EMA_55'] 1558785599999
2020-04-27 11:04:06 DEBUG greencandle.lib.order Adding to Redis: 4h ['ohlc'] 1558785599999
2020-04-27 11:04:06 DEBUG greencandle.lib.order Done getting data
2020-04-27 11:04:06 DEBUG greencandle.lib.mysql Starting Mysql with interval 4h, test=True
2020-04-27 11:04:06 DEBUG greencandle.lib.mysql Running Mysql command: select buy_price, quote_in, buy_time, base_in from trades where sell_price is NULL and `interval` = "4h" and pair = "RENBNB"
2020-04-27 11:04:06 DEBUG greencandle.lib.mysql Rule: buy_rule1: results.current.EMA_8 > results.current.EMA_13 and results.current.EMA_13 > results.current.EMA_21 and results.current.EMA_21 > results.current.EMA_55 and close > last_close
2020-04-27 11:04:06 DEBUG greencandle.lib.mysql Rule: sell_rule1: results.current.EMA_8 < results.current.EMA_13
2020-04-27 11:04:06 DEBUG greencandle.lib.mysql Rule: sell_rule2: low < results.current.EMA_55
2020-04-27 11:04:06 DEBUG greencandle.lib.mysql Running Mysql command: select buy_price, quote_in, buy_time, base_in from trades where sell_price is NULL and `interval` = "4h" and pair = "RENBNB"
2020-04-27 11:04:06 INFO greencandle.lib.mysql RENBNB sell Rules matched: [1, 2]
2020-04-27 11:04:06 INFO greencandle.lib.mysql RENBNB buy Rules matched: []
2020-04-27 11:04:06 DEBUG greencandle.lib.mysql Running Mysql command: select buy_price, quote_in, buy_time, base_in from trades where sell_price is NULL and `interval` = "4h" and pair = "RENBNB"
2020-04-27 11:04:06 DEBUG greencandle.lib.mysql IN LOOP 19 
2020-04-27 11:04:06 DEBUG greencandle.lib.order chunk: 19, 1019
2020-04-27 11:04:06 DEBUG greencandle.lib.order current date: 2019-05-25 15:59:59
2020-04-27 11:04:06 DEBUG greencandle.lib.order Fetching raw data
2020-04-27 11:04:06 DEBUG greencandle.lib.order Finished fetching raw data
2020-04-27 11:04:06 DEBUG greencandle.lib.order Getting data
2020-04-27 11:04:06 DEBUG greencandle.lib.order Getting moving averages for RENBNB
2020-04-27 11:04:06 DEBUG greencandle.lib.order done getting moving averages
2020-04-27 11:04:06 DEBUG greencandle.lib.order Getting moving averages for RENBNB
2020-04-27 11:04:06 DEBUG greencandle.lib.order done getting moving averages
2020-04-27 11:04:06 DEBUG greencandle.lib.order Getting moving averages for RENBNB
2020-04-27 11:04:06 DEBUG greencandle.lib.order done getting moving averages
2020-04-27 11:04:06 DEBUG greencandle.lib.order Getting moving averages for RENBNB
2020-04-27 11:04:06 DEBUG greencandle.lib.order done getting moving averages
2020-04-27 11:04:06 DEBUG greencandle.lib.order Adding to Redis: 4h ['EMA_8'] 1558799999999
2020-04-27 11:04:06 DEBUG greencandle.lib.order Adding to Redis: 4h ['EMA_13'] 1558799999999
2020-04-27 11:04:06 DEBUG greencandle.lib.order Adding to Redis: 4h ['EMA_21'] 1558799999999
2020-04-27 11:04:06 DEBUG greencandle.lib.order Adding to Redis: 4h ['EMA_55'] 1558799999999
2020-04-27 11:04:06 DEBUG greencandle.lib.order Adding to Redis: 4h ['ohlc'] 1558799999999
2020-04-27 11:04:06 DEBUG greencandle.lib.order Done getting data
2020-04-27 11:04:06 DEBUG greencandle.lib.mysql Starting Mysql with interval 4h, test=True
2020-04-27 11:04:06 DEBUG greencandle.lib.mysql Running Mysql command: select buy_price, quote_in, buy_time, base_in from trades where sell_price is NULL and `interval` = "4h" and pair = "RENBNB"
2020-04-27 11:04:06 DEBUG greencandle.lib.mysql Rule: buy_rule1: results.current.EMA_8 > results.current.EMA_13 and results.current.EMA_13 > results.current.EMA_21 and results.current.EMA_21 > results.current.EMA_55 and close > last_close
2020-04-27 11:04:06 DEBUG greencandle.lib.mysql Rule: sell_rule1: results.current.EMA_8 < results.current.EMA_13
2020-04-27 11:04:06 DEBUG greencandle.lib.mysql Rule: sell_rule2: low < results.current.EMA_55
2020-04-27 11:04:06 DEBUG greencandle.lib.mysql Running Mysql command: select buy_price, quote_in, buy_time, base_in from trades where sell_price is NULL and `interval` = "4h" and pair = "RENBNB"
2020-04-27 11:04:06 INFO greencandle.lib.mysql RENBNB sell Rules matched: [1, 2]
2020-04-27 11:04:06 INFO greencandle.lib.mysql RENBNB buy Rules matched: []
2020-04-27 11:04:06 DEBUG greencandle.lib.mysql Running Mysql command: select buy_price, quote_in, buy_time, base_in from trades where sell_price is NULL and `interval` = "4h" and pair = "RENBNB"
2020-04-27 11:04:06 DEBUG greencandle.lib.mysql IN LOOP 20 
2020-04-27 11:04:06 DEBUG greencandle.lib.order chunk: 20, 1020
2020-04-27 11:04:06 DEBUG greencandle.lib.order current date: 2019-05-25 19:59:59
2020-04-27 11:04:06 DEBUG greencandle.lib.order Fetching raw data
2020-04-27 11:04:06 DEBUG greencandle.lib.order Finished fetching raw data
2020-04-27 11:04:06 DEBUG greencandle.lib.order Getting data
2020-04-27 11:04:06 DEBUG greencandle.lib.order Getting moving averages for RENBNB
2020-04-27 11:04:06 DEBUG greencandle.lib.order done getting moving averages
2020-04-27 11:04:06 DEBUG greencandle.lib.order Getting moving averages for RENBNB
2020-04-27 11:04:06 DEBUG greencandle.lib.order done getting moving averages
2020-04-27 11:04:06 DEBUG greencandle.lib.order Getting moving averages for RENBNB
2020-04-27 11:04:06 DEBUG greencandle.lib.order done getting moving averages
2020-04-27 11:04:06 DEBUG greencandle.lib.order Getting moving averages for RENBNB
2020-04-27 11:04:06 DEBUG greencandle.lib.order done getting moving averages
2020-04-27 11:04:06 DEBUG greencandle.lib.order Adding to Redis: 4h ['EMA_8'] 1558814399999
2020-04-27 11:04:06 DEBUG greencandle.lib.order Adding to Redis: 4h ['EMA_13'] 1558814399999
2020-04-27 11:04:06 DEBUG greencandle.lib.order Adding to Redis: 4h ['EMA_21'] 1558814399999
2020-04-27 11:04:06 DEBUG greencandle.lib.order Adding to Redis: 4h ['EMA_55'] 1558814399999
2020-04-27 11:04:06 DEBUG greencandle.lib.order Adding to Redis: 4h ['ohlc'] 1558814399999
2020-04-27 11:04:06 DEBUG greencandle.lib.order Done getting data
2020-04-27 11:04:06 DEBUG greencandle.lib.mysql Starting Mysql with interval 4h, test=True
2020-04-27 11:04:06 DEBUG greencandle.lib.mysql Running Mysql command: select buy_price, quote_in, buy_time, base_in from trades where sell_price is NULL and `interval` = "4h" and pair = "RENBNB"
2020-04-27 11:04:06 DEBUG greencandle.lib.mysql Rule: buy_rule1: results.current.EMA_8 > results.current.EMA_13 and results.current.EMA_13 > results.current.EMA_21 and results.current.EMA_21 > results.current.EMA_55 and close > last_close
2020-04-27 11:04:06 DEBUG greencandle.lib.mysql Rule: sell_rule1: results.current.EMA_8 < results.current.EMA_13
2020-04-27 11:04:06 DEBUG greencandle.lib.mysql Rule: sell_rule2: low < results.current.EMA_55
2020-04-27 11:04:06 DEBUG greencandle.lib.mysql Running Mysql command: select buy_price, quote_in, buy_time, base_in from trades where sell_price is NULL and `interval` = "4h" and pair = "RENBNB"
2020-04-27 11:04:06 INFO greencandle.lib.mysql RENBNB sell Rules matched: [1, 2]
2020-04-27 11:04:06 INFO greencandle.lib.mysql RENBNB buy Rules matched: []
2020-04-27 11:04:06 DEBUG greencandle.lib.mysql Running Mysql command: select buy_price, quote_in, buy_time, base_in from trades where sell_price is NULL and `interval` = "4h" and pair = "RENBNB"
2020-04-27 11:04:06 DEBUG greencandle.lib.mysql IN LOOP 21 
2020-04-27 11:04:06 DEBUG greencandle.lib.order chunk: 21, 1021
2020-04-27 11:04:06 DEBUG greencandle.lib.order current date: 2019-05-25 23:59:59
2020-04-27 11:04:06 DEBUG greencandle.lib.order Fetching raw data
2020-04-27 11:04:06 DEBUG greencandle.lib.order Finished fetching raw data
2020-04-27 11:04:06 DEBUG greencandle.lib.order Getting data
2020-04-27 11:04:06 DEBUG greencandle.lib.order Getting moving averages for RENBNB
2020-04-27 11:04:06 DEBUG greencandle.lib.order done getting moving averages
2020-04-27 11:04:06 DEBUG greencandle.lib.order Getting moving averages for RENBNB
2020-04-27 11:04:06 DEBUG greencandle.lib.order done getting moving averages
2020-04-27 11:04:06 DEBUG greencandle.lib.order Getting moving averages for RENBNB
2020-04-27 11:04:06 DEBUG greencandle.lib.order done getting moving averages
2020-04-27 11:04:06 DEBUG greencandle.lib.order Getting moving averages for RENBNB
2020-04-27 11:04:06 DEBUG greencandle.lib.order done getting moving averages
2020-04-27 11:04:06 DEBUG greencandle.lib.order Adding to Redis: 4h ['EMA_8'] 1558828799999
2020-04-27 11:04:06 DEBUG greencandle.lib.order Adding to Redis: 4h ['EMA_13'] 1558828799999
2020-04-27 11:04:06 DEBUG greencandle.lib.order Adding to Redis: 4h ['EMA_21'] 1558828799999
2020-04-27 11:04:06 DEBUG greencandle.lib.order Adding to Redis: 4h ['EMA_55'] 1558828799999
2020-04-27 11:04:06 DEBUG greencandle.lib.order Adding to Redis: 4h ['ohlc'] 1558828799999
2020-04-27 11:04:06 DEBUG greencandle.lib.order Done getting data
2020-04-27 11:04:07 DEBUG greencandle.lib.mysql Starting Mysql with interval 4h, test=True
2020-04-27 11:04:07 DEBUG greencandle.lib.mysql Running Mysql command: select buy_price, quote_in, buy_time, base_in from trades where sell_price is NULL and `interval` = "4h" and pair = "RENBNB"
2020-04-27 11:04:07 DEBUG greencandle.lib.mysql Rule: buy_rule1: results.current.EMA_8 > results.current.EMA_13 and results.current.EMA_13 > results.current.EMA_21 and results.current.EMA_21 > results.current.EMA_55 and close > last_close
2020-04-27 11:04:07 DEBUG greencandle.lib.mysql Rule: sell_rule1: results.current.EMA_8 < results.current.EMA_13
2020-04-27 11:04:07 DEBUG greencandle.lib.mysql Rule: sell_rule2: low < results.current.EMA_55
2020-04-27 11:04:07 DEBUG greencandle.lib.mysql Running Mysql command: select buy_price, quote_in, buy_time, base_in from trades where sell_price is NULL and `interval` = "4h" and pair = "RENBNB"
2020-04-27 11:04:07 INFO greencandle.lib.mysql RENBNB sell Rules matched: [1, 2]
2020-04-27 11:04:07 INFO greencandle.lib.mysql RENBNB buy Rules matched: []
2020-04-27 11:04:07 DEBUG greencandle.lib.mysql Running Mysql command: select buy_price, quote_in, buy_time, base_in from trades where sell_price is NULL and `interval` = "4h" and pair = "RENBNB"
2020-04-27 11:04:07 DEBUG greencandle.lib.mysql IN LOOP 22 
2020-04-27 11:04:07 DEBUG greencandle.lib.order chunk: 22, 1022
2020-04-27 11:04:07 DEBUG greencandle.lib.order current date: 2019-05-26 03:59:59
2020-04-27 11:04:07 DEBUG greencandle.lib.order Fetching raw data
2020-04-27 11:04:07 DEBUG greencandle.lib.order Finished fetching raw data
2020-04-27 11:04:07 DEBUG greencandle.lib.order Getting data
2020-04-27 11:04:07 DEBUG greencandle.lib.order Getting moving averages for RENBNB
2020-04-27 11:04:07 DEBUG greencandle.lib.order done getting moving averages
2020-04-27 11:04:07 DEBUG greencandle.lib.order Getting moving averages for RENBNB
2020-04-27 11:04:07 DEBUG greencandle.lib.order done getting moving averages
2020-04-27 11:04:07 DEBUG greencandle.lib.order Getting moving averages for RENBNB
2020-04-27 11:04:07 DEBUG greencandle.lib.order done getting moving averages
2020-04-27 11:04:07 DEBUG greencandle.lib.order Getting moving averages for RENBNB
2020-04-27 11:04:07 DEBUG greencandle.lib.order done getting moving averages
2020-04-27 11:04:07 DEBUG greencandle.lib.order Adding to Redis: 4h ['EMA_8'] 1558843199999
2020-04-27 11:04:07 DEBUG greencandle.lib.order Adding to Redis: 4h ['EMA_13'] 1558843199999
2020-04-27 11:04:07 DEBUG greencandle.lib.order Adding to Redis: 4h ['EMA_21'] 1558843199999
2020-04-27 11:04:07 DEBUG greencandle.lib.order Adding to Redis: 4h ['EMA_55'] 1558843199999
2020-04-27 11:04:07 DEBUG greencandle.lib.order Adding to Redis: 4h ['ohlc'] 1558843199999
2020-04-27 11:04:07 DEBUG greencandle.lib.order Done getting data
2020-04-27 11:04:07 DEBUG greencandle.lib.mysql Starting Mysql with interval 4h, test=True
2020-04-27 11:04:07 DEBUG greencandle.lib.mysql Running Mysql command: select buy_price, quote_in, buy_time, base_in from trades where sell_price is NULL and `interval` = "4h" and pair = "RENBNB"
2020-04-27 11:04:07 DEBUG greencandle.lib.mysql Rule: buy_rule1: results.current.EMA_8 > results.current.EMA_13 and results.current.EMA_13 > results.current.EMA_21 and results.current.EMA_21 > results.current.EMA_55 and close > last_close
2020-04-27 11:04:07 DEBUG greencandle.lib.mysql Rule: sell_rule1: results.current.EMA_8 < results.current.EMA_13
2020-04-27 11:04:07 DEBUG greencandle.lib.mysql Rule: sell_rule2: low < results.current.EMA_55
2020-04-27 11:04:07 DEBUG greencandle.lib.mysql Running Mysql command: select buy_price, quote_in, buy_time, base_in from trades where sell_price is NULL and `interval` = "4h" and pair = "RENBNB"
2020-04-27 11:04:07 INFO greencandle.lib.mysql RENBNB sell Rules matched: [1, 2]
2020-04-27 11:04:07 INFO greencandle.lib.mysql RENBNB buy Rules matched: []
2020-04-27 11:04:07 DEBUG greencandle.lib.mysql Running Mysql command: select buy_price, quote_in, buy_time, base_in from trades where sell_price is NULL and `interval` = "4h" and pair = "RENBNB"
2020-04-27 11:04:07 DEBUG greencandle.lib.mysql IN LOOP 23 
2020-04-27 11:04:07 DEBUG greencandle.lib.order chunk: 23, 1023
2020-04-27 11:04:07 DEBUG greencandle.lib.order current date: 2019-05-26 07:59:59
2020-04-27 11:04:07 DEBUG greencandle.lib.order Fetching raw data
2020-04-27 11:04:07 DEBUG greencandle.lib.order Finished fetching raw data
2020-04-27 11:04:07 DEBUG greencandle.lib.order Getting data
2020-04-27 11:04:07 DEBUG greencandle.lib.order Getting moving averages for RENBNB
2020-04-27 11:04:07 DEBUG greencandle.lib.order done getting moving averages
2020-04-27 11:04:07 DEBUG greencandle.lib.order Getting moving averages for RENBNB
2020-04-27 11:04:07 DEBUG greencandle.lib.order done getting moving averages
2020-04-27 11:04:07 DEBUG greencandle.lib.order Getting moving averages for RENBNB
2020-04-27 11:04:07 DEBUG greencandle.lib.order done getting moving averages
2020-04-27 11:04:07 DEBUG greencandle.lib.order Getting moving averages for RENBNB
2020-04-27 11:04:07 DEBUG greencandle.lib.order done getting moving averages
2020-04-27 11:04:07 DEBUG greencandle.lib.order Adding to Redis: 4h ['EMA_8'] 1558857599999
2020-04-27 11:04:07 DEBUG greencandle.lib.order Adding to Redis: 4h ['EMA_13'] 1558857599999
2020-04-27 11:04:07 DEBUG greencandle.lib.order Adding to Redis: 4h ['EMA_21'] 1558857599999
2020-04-27 11:04:07 DEBUG greencandle.lib.order Adding to Redis: 4h ['EMA_55'] 1558857599999
2020-04-27 11:04:07 DEBUG greencandle.lib.order Adding to Redis: 4h ['ohlc'] 1558857599999
2020-04-27 11:04:07 DEBUG greencandle.lib.order Done getting data
2020-04-27 11:04:07 ERROR greencandle.lib.mysql Got Error: 
Traceback (most recent call last):
  File "/usr/local/lib/python3.7/site-packages/greencandle-0.32-py3.7.egg/greencandle/lib/logger.py", line 74, in new_func
    return func(*args, **kwargs)
  File "/usr/local/lib/python3.7/site-packages/greencandle-0.32-py3.7.egg/greencandle/lib/mysql.py", line 36, in connect
    db=self.database)
  File "/usr/local/lib/python3.7/site-packages/mysqlclient-1.3.12-py3.7-linux-x86_64.egg/MySQLdb/__init__.py", line 86, in Connect
    return Connection(*args, **kwargs)
  File "/usr/local/lib/python3.7/site-packages/mysqlclient-1.3.12-py3.7-linux-x86_64.egg/MySQLdb/connections.py", line 204, in __init__
    super(Connection, self).__init__(*args, **kwargs2)
_mysql_exceptions.OperationalError: (2003, 'Can\'t connect to MySQL server on \'127.0.0.1\' (111 "Connection refused")')
2020-04-27 11:04:07 DEBUG greencandle.lib.mysql Starting Mysql with interval 4h, test=True
2020-04-27 11:04:07 ERROR greencandle.lib.mysql Got Error: 
Traceback (most recent call last):
  File "/usr/local/lib/python3.7/site-packages/greencandle-0.32-py3.7.egg/greencandle/lib/logger.py", line 74, in new_func
    return func(*args, **kwargs)
  File "/usr/local/lib/python3.7/site-packages/greencandle-0.32-py3.7.egg/greencandle/lib/mysql.py", line 160, in get_trade_value
    cur = self.dbase.cursor()
AttributeError: 'Mysql' object has no attribute 'dbase'
2020-04-27 11:04:07 ERROR greencandle.lib.mysql Got Error: 
Traceback (most recent call last):
  File "/usr/local/lib/python3.7/site-packages/greencandle-0.32-py3.7.egg/greencandle/lib/logger.py", line 74, in new_func
    return func(*args, **kwargs)
  File "/usr/local/lib/python3.7/site-packages/greencandle-0.32-py3.7.egg/greencandle/lib/run.py", line 127, in perform_data
    result, current_time, current_price, _ = redis.get_action(pair=pair, interval=interval)
  File "/usr/local/lib/python3.7/site-packages/greencandle-0.32-py3.7.egg/greencandle/lib/redis_conn.py", line 273, in get_action
    buy_price = float(dbase.get_trade_value(pair)[0][0])
TypeError: 'NoneType' object is not subscriptable
